<?xml version="1.0" encoding="UTF-8" ?>
<testsuite tests="2" failures="0" name="com.googlecode.whiteboard.json.JsonTest" time="1.036" errors="0" skipped="2">
  <properties>
    <property name="java.runtime.name" value="Java(TM) SE Runtime Environment"/>
    <property name="sun.boot.library.path" value="/usr/lib/jvm/jdk/jre/lib/amd64"/>
    <property name="java.vm.version" value="25.73-b02"/>
    <property name="java.vm.vendor" value="Oracle Corporation"/>
    <property name="java.vendor.url" value="http://java.oracle.com/"/>
    <property name="path.separator" value=":"/>
    <property name="java.vm.name" value="Java HotSpot(TM) 64-Bit Server VM"/>
    <property name="file.encoding.pkg" value="sun.io"/>
    <property name="user.country" value="US"/>
    <property name="sun.java.launcher" value="SUN_STANDARD"/>
    <property name="sun.os.patch.level" value="unknown"/>
    <property name="java.vm.specification.name" value="Java Virtual Machine Specification"/>
    <property name="user.dir" value="/home/fz/workspace3/OWM"/>
    <property name="java.runtime.version" value="1.8.0_73-b02"/>
    <property name="java.awt.graphicsenv" value="sun.awt.X11GraphicsEnvironment"/>
    <property name="basedir" value="/home/fz/workspace3/OWM"/>
    <property name="java.endorsed.dirs" value="/usr/lib/jvm/jdk/jre/lib/endorsed"/>
    <property name="os.arch" value="amd64"/>
    <property name="surefire.real.class.path" value="/home/fz/workspace3/OWM/target/surefire/surefirebooter6757163673609307830.jar"/>
    <property name="java.io.tmpdir" value="/tmp"/>
    <property name="line.separator" value="
"/>
    <property name="java.vm.specification.vendor" value="Oracle Corporation"/>
    <property name="os.name" value="Linux"/>
    <property name="sun.jnu.encoding" value="UTF-8"/>
    <property name="java.library.path" value="/usr/java/packages/lib/amd64:/usr/lib64:/lib64:/lib:/usr/lib"/>
    <property name="surefire.test.class.path" value="/home/fz/workspace3/OWM/target/test-classes:/home/fz/workspace3/OWM/target/classes:/home/fz/.m2/repository/javax/mail/mail/1.4/mail-1.4.jar:/home/fz/.m2/repository/javax/activation/activation/1.1/activation-1.1.jar:/home/fz/.m2/repository/commons-lang/commons-lang/2.5/commons-lang-2.5.jar:/home/fz/.m2/repository/commons-configuration/commons-configuration/1.6/commons-configuration-1.6.jar:/home/fz/.m2/repository/commons-collections/commons-collections/3.2.1/commons-collections-3.2.1.jar:/home/fz/.m2/repository/commons-logging/commons-logging/1.1.1/commons-logging-1.1.1.jar:/home/fz/.m2/repository/commons-digester/commons-digester/1.8/commons-digester-1.8.jar:/home/fz/.m2/repository/commons-beanutils/commons-beanutils/1.7.0/commons-beanutils-1.7.0.jar:/home/fz/.m2/repository/commons-beanutils/commons-beanutils-core/1.8.0/commons-beanutils-core-1.8.0.jar:/home/fz/.m2/repository/com/sun/faces/jsf-api/2.1.2/jsf-api-2.1.2.jar:/home/fz/.m2/repository/com/sun/faces/jsf-impl/2.1.2/jsf-impl-2.1.2.jar:/home/fz/.m2/repository/org/primefaces/primefaces/2.2.1/primefaces-2.2.1.jar:/home/fz/.m2/repository/org/primefaces/themes/cupertino/1.0.1/cupertino-1.0.1.jar:/home/fz/.m2/repository/com/ocpsoft/prettyfaces-jsf2/3.3.0/prettyfaces-jsf2-3.3.0.jar:/home/fz/.m2/repository/javax/el/el-api/2.2/el-api-2.2.jar:/home/fz/.m2/repository/org/glassfish/web/el-impl/2.2/el-impl-2.2.jar:/home/fz/.m2/repository/javax/annotation/jsr250-api/1.0/jsr250-api-1.0.jar:/home/fz/.m2/repository/javax/servlet/servlet-api/2.5/servlet-api-2.5.jar:/home/fz/.m2/repository/javax/servlet/jstl/1.2/jstl-1.2.jar:/home/fz/.m2/repository/com/google/code/gson/gson/1.7.1/gson-1.7.1.jar:/home/fz/.m2/repository/org/atmosphere/atmosphere-jersey/0.8.0/atmosphere-jersey-0.8.0.jar:/home/fz/.m2/repository/org/atmosphere/atmosphere-annotations/0.8.0/atmosphere-annotations-0.8.0.jar:/home/fz/.m2/repository/org/atmosphere/atmosphere-runtime/0.8.0/atmosphere-runtime-0.8.0.jar:/home/fz/.m2/repository/org/atmosphere/atmosphere-compat-jbossweb/0.8.0/atmosphere-compat-jbossweb-0.8.0.jar:/home/fz/.m2/repository/org/atmosphere/atmosphere-compat-weblogic/0.8.0/atmosphere-compat-weblogic-0.8.0.jar:/home/fz/.m2/repository/org/atmosphere/atmosphere-compat-jetty/0.8.0/atmosphere-compat-jetty-0.8.0.jar:/home/fz/.m2/repository/org/atmosphere/atmosphere-compat-tomcat/0.8.0/atmosphere-compat-tomcat-0.8.0.jar:/home/fz/.m2/repository/com/sun/jersey/jersey-server/1.9.1/jersey-server-1.9.1.jar:/home/fz/.m2/repository/asm/asm/3.1/asm-3.1.jar:/home/fz/.m2/repository/com/sun/jersey/jersey-core/1.9.1/jersey-core-1.9.1.jar:/home/fz/.m2/repository/org/apache/geronimo/specs/geronimo-servlet_3.0_spec/1.0/geronimo-servlet_3.0_spec-1.0.jar:/home/fz/.m2/repository/org/slf4j/slf4j-api/1.6.2/slf4j-api-1.6.2.jar:/home/fz/.m2/repository/org/slf4j/slf4j-nop/1.6.2/slf4j-nop-1.6.2.jar:/home/fz/.m2/repository/junit/junit/4.8.2/junit-4.8.2.jar:"/>
    <property name="java.specification.name" value="Java Platform API Specification"/>
    <property name="java.class.version" value="52.0"/>
    <property name="sun.management.compiler" value="HotSpot 64-Bit Tiered Compilers"/>
    <property name="os.version" value="3.19.0-49-generic"/>
    <property name="user.home" value="/home/fz"/>
    <property name="user.timezone" value="Africa/Casablanca"/>
    <property name="java.awt.printerjob" value="sun.print.PSPrinterJob"/>
    <property name="file.encoding" value="UTF-8"/>
    <property name="java.specification.version" value="1.8"/>
    <property name="user.name" value="fz"/>
    <property name="java.class.path" value="/home/fz/workspace3/OWM/target/test-classes:/home/fz/workspace3/OWM/target/classes:/home/fz/.m2/repository/javax/mail/mail/1.4/mail-1.4.jar:/home/fz/.m2/repository/javax/activation/activation/1.1/activation-1.1.jar:/home/fz/.m2/repository/commons-lang/commons-lang/2.5/commons-lang-2.5.jar:/home/fz/.m2/repository/commons-configuration/commons-configuration/1.6/commons-configuration-1.6.jar:/home/fz/.m2/repository/commons-collections/commons-collections/3.2.1/commons-collections-3.2.1.jar:/home/fz/.m2/repository/commons-logging/commons-logging/1.1.1/commons-logging-1.1.1.jar:/home/fz/.m2/repository/commons-digester/commons-digester/1.8/commons-digester-1.8.jar:/home/fz/.m2/repository/commons-beanutils/commons-beanutils/1.7.0/commons-beanutils-1.7.0.jar:/home/fz/.m2/repository/commons-beanutils/commons-beanutils-core/1.8.0/commons-beanutils-core-1.8.0.jar:/home/fz/.m2/repository/com/sun/faces/jsf-api/2.1.2/jsf-api-2.1.2.jar:/home/fz/.m2/repository/com/sun/faces/jsf-impl/2.1.2/jsf-impl-2.1.2.jar:/home/fz/.m2/repository/org/primefaces/primefaces/2.2.1/primefaces-2.2.1.jar:/home/fz/.m2/repository/org/primefaces/themes/cupertino/1.0.1/cupertino-1.0.1.jar:/home/fz/.m2/repository/com/ocpsoft/prettyfaces-jsf2/3.3.0/prettyfaces-jsf2-3.3.0.jar:/home/fz/.m2/repository/javax/el/el-api/2.2/el-api-2.2.jar:/home/fz/.m2/repository/org/glassfish/web/el-impl/2.2/el-impl-2.2.jar:/home/fz/.m2/repository/javax/annotation/jsr250-api/1.0/jsr250-api-1.0.jar:/home/fz/.m2/repository/javax/servlet/servlet-api/2.5/servlet-api-2.5.jar:/home/fz/.m2/repository/javax/servlet/jstl/1.2/jstl-1.2.jar:/home/fz/.m2/repository/com/google/code/gson/gson/1.7.1/gson-1.7.1.jar:/home/fz/.m2/repository/org/atmosphere/atmosphere-jersey/0.8.0/atmosphere-jersey-0.8.0.jar:/home/fz/.m2/repository/org/atmosphere/atmosphere-annotations/0.8.0/atmosphere-annotations-0.8.0.jar:/home/fz/.m2/repository/org/atmosphere/atmosphere-runtime/0.8.0/atmosphere-runtime-0.8.0.jar:/home/fz/.m2/repository/org/atmosphere/atmosphere-compat-jbossweb/0.8.0/atmosphere-compat-jbossweb-0.8.0.jar:/home/fz/.m2/repository/org/atmosphere/atmosphere-compat-weblogic/0.8.0/atmosphere-compat-weblogic-0.8.0.jar:/home/fz/.m2/repository/org/atmosphere/atmosphere-compat-jetty/0.8.0/atmosphere-compat-jetty-0.8.0.jar:/home/fz/.m2/repository/org/atmosphere/atmosphere-compat-tomcat/0.8.0/atmosphere-compat-tomcat-0.8.0.jar:/home/fz/.m2/repository/com/sun/jersey/jersey-server/1.9.1/jersey-server-1.9.1.jar:/home/fz/.m2/repository/asm/asm/3.1/asm-3.1.jar:/home/fz/.m2/repository/com/sun/jersey/jersey-core/1.9.1/jersey-core-1.9.1.jar:/home/fz/.m2/repository/org/apache/geronimo/specs/geronimo-servlet_3.0_spec/1.0/geronimo-servlet_3.0_spec-1.0.jar:/home/fz/.m2/repository/org/slf4j/slf4j-api/1.6.2/slf4j-api-1.6.2.jar:/home/fz/.m2/repository/org/slf4j/slf4j-nop/1.6.2/slf4j-nop-1.6.2.jar:/home/fz/.m2/repository/junit/junit/4.8.2/junit-4.8.2.jar:"/>
    <property name="java.vm.specification.version" value="1.8"/>
    <property name="sun.arch.data.model" value="64"/>
    <property name="java.home" value="/usr/lib/jvm/jdk/jre"/>
    <property name="sun.java.command" value="/home/fz/workspace3/OWM/target/surefire/surefirebooter6757163673609307830.jar /home/fz/workspace3/OWM/target/surefire/surefire4197811752996780116tmp /home/fz/workspace3/OWM/target/surefire/surefire5645229369971882881tmp"/>
    <property name="java.specification.vendor" value="Oracle Corporation"/>
    <property name="user.language" value="en"/>
    <property name="awt.toolkit" value="sun.awt.X11.XToolkit"/>
    <property name="java.vm.info" value="mixed mode"/>
    <property name="java.version" value="1.8.0_73"/>
    <property name="java.ext.dirs" value="/usr/lib/jvm/jdk/jre/lib/ext:/usr/java/packages/lib/ext"/>
    <property name="sun.boot.class.path" value="/usr/lib/jvm/jdk/jre/lib/resources.jar:/usr/lib/jvm/jdk/jre/lib/rt.jar:/usr/lib/jvm/jdk/jre/lib/sunrsasign.jar:/usr/lib/jvm/jdk/jre/lib/jsse.jar:/usr/lib/jvm/jdk/jre/lib/jce.jar:/usr/lib/jvm/jdk/jre/lib/charsets.jar:/usr/lib/jvm/jdk/jre/lib/jfr.jar:/usr/lib/jvm/jdk/jre/classes"/>
    <property name="java.vendor" value="Oracle Corporation"/>
    <property name="localRepository" value="/home/fz/.m2/repository"/>
    <property name="file.separator" value="/"/>
    <property name="java.vendor.url.bug" value="http://bugreport.sun.com/bugreport/"/>
    <property name="sun.cpu.endian" value="little"/>
    <property name="sun.io.unicode.encoding" value="UnicodeLittle"/>
    <property name="sun.desktop" value="gnome"/>
    <property name="sun.cpu.isalist" value=""/>
  </properties>
  <testcase classname="com.googlecode.whiteboard.json.JsonTest" name="JavaScript2Java" time="0">
    <skipped/>
  </testcase>
  <testcase classname="com.googlecode.whiteboard.json.JsonTest" name="Java2JavaScript" time="0.004">
    <skipped/>
  </testcase>
</testsuite>